#
# There is insufficient memory for the Java Runtime Environment to continue.
# Native memory allocation (malloc) failed to allocate 32744 bytes for ChunkPool::allocate
# Possible reasons:
#   The system is out of physical RAM or swap space
#   In 32 bit mode, the process size limit was hit
# Possible solutions:
#   Reduce memory load on the system
#   Increase physical memory or swap space
#   Check if swap backing store is full
#   Use 64 bit Java on a 64 bit OS
#   Decrease Java heap size (-Xmx/-Xms)
#   Decrease number of Java threads
#   Decrease Java thread stack sizes (-Xss)
#   Set larger code cache with -XX:ReservedCodeCacheSize=
# This output file may be truncated or incomplete.
#
#  Out of Memory Error (allocation.cpp:273), pid=18860, tid=0x0000000000002d18
#
# JRE version: Java(TM) SE Runtime Environment (8.0_131-b11) (build 1.8.0_131-b11)
# Java VM: Java HotSpot(TM) 64-Bit Server VM (25.131-b11 mixed mode windows-amd64 compressed oops)
# Failed to write core dump. Minidumps are not enabled by default on client versions of Windows
#

---------------  T H R E A D  ---------------

Current thread (0x000000001987e800):  JavaThread "C1 CompilerThread3" daemon [_thread_in_native, id=11544, stack(0x000000001b060000,0x000000001b160000)]

Stack: [0x000000001b060000,0x000000001b160000]
[error occurred during error reporting (printing stack bounds), id 0xc0000005]

Native frames: (J=compiled Java code, j=interpreted, Vv=VM code, C=native code)


Current CompileTask:
C1:   8504 1562   !   3       java.awt.DefaultKeyboardFocusManager::dispatchEvent (1589 bytes)


---------------  P R O C E S S  ---------------

Java Threads: ( => current thread )
  0x000000001b8e6000 JavaThread "TimerQueue" daemon [_thread_blocked, id=14464, stack(0x000000001d530000,0x000000001d630000)]
  0x0000000002d90800 JavaThread "DestroyJavaVM" [_thread_blocked, id=3252, stack(0x0000000002890000,0x0000000002990000)]
  0x000000001b4a6000 JavaThread "AWT-EventQueue-0" [_thread_blocked, id=8956, stack(0x000000001c7c0000,0x000000001c8c0000)]
  0x0000000019b9e000 JavaThread "AWT-Windows" daemon [_thread_in_native, id=9996, stack(0x000000001bd60000,0x000000001be60000)]
  0x000000001b449800 JavaThread "AWT-Shutdown" [_thread_blocked, id=14408, stack(0x000000001bc60000,0x000000001bd60000)]
  0x000000001b448800 JavaThread "Java2D Disposer" daemon [_thread_blocked, id=20672, stack(0x000000001bb60000,0x000000001bc60000)]
  0x000000001990e000 JavaThread "Service Thread" daemon [_thread_blocked, id=2900, stack(0x000000001b160000,0x000000001b260000)]
=>0x000000001987e800 JavaThread "C1 CompilerThread3" daemon [_thread_in_native, id=11544, stack(0x000000001b060000,0x000000001b160000)]
  0x000000001987d800 JavaThread "C2 CompilerThread2" daemon [_thread_blocked, id=10760, stack(0x000000001af60000,0x000000001b060000)]
  0x0000000019879000 JavaThread "C2 CompilerThread1" daemon [_thread_blocked, id=24384, stack(0x000000001ae60000,0x000000001af60000)]
  0x0000000019873000 JavaThread "C2 CompilerThread0" daemon [_thread_blocked, id=8024, stack(0x000000001ad60000,0x000000001ae60000)]
  0x0000000019871800 JavaThread "Attach Listener" daemon [_thread_blocked, id=22736, stack(0x000000001ac60000,0x000000001ad60000)]
  0x000000001981e000 JavaThread "Signal Dispatcher" daemon [_thread_blocked, id=11512, stack(0x000000001ab60000,0x000000001ac60000)]
  0x0000000019803000 JavaThread "Finalizer" daemon [_thread_blocked, id=21868, stack(0x000000001aa60000,0x000000001ab60000)]
  0x000000001810c800 JavaThread "Reference Handler" daemon [_thread_blocked, id=10524, stack(0x000000001a960000,0x000000001aa60000)]

Other Threads:
  0x00000000197e2800 VMThread [stack: 0x000000001a860000,0x000000001a960000] [id=12960]
  0x0000000019989800 WatcherThread [stack: 0x000000001b260000,0x000000001b360000] [id=8320]

VM state:not at safepoint (normal execution)

VM Mutex/Monitor currently owned by a thread: None

Heap:
 PSYoungGen      total 38400K, used 27332K [0x00000000d5e00000, 0x00000000d8880000, 0x0000000100000000)
  eden space 33280K, 82% used [0x00000000d5e00000,0x00000000d78b1120,0x00000000d7e80000)
  from space 5120K, 0% used [0x00000000d8380000,0x00000000d8380000,0x00000000d8880000)
  to   space 5120K, 0% used [0x00000000d7e80000,0x00000000d7e80000,0x00000000d8380000)
 ParOldGen       total 87552K, used 0K [0x0000000081a00000, 0x0000000086f80000, 0x00000000d5e00000)
  object space 87552K, 0% used [0x0000000081a00000,0x0000000081a00000,0x0000000086f80000)
 Metaspace       used 16246K, capacity 16458K, committed 16640K, reserved 1064960K
  class space    used 1980K, capacity 2036K, committed 2048K, reserved 1048576K

Card table byte_map: [0x0000000012340000,0x0000000012740000] byte_map_base: 0x0000000011f33000

Marking Bits: (ParMarkBitMap*) 0x000000007324c720
 Begin Bits: [0x00000000133f0000, 0x0000000015388000)
 End Bits:   [0x0000000015388000, 0x0000000017320000)

Polling page: 0x00000000007c0000

CodeCache: size=245760Kb used=4876Kb max_used=4876Kb free=240883Kb
 bounds [0x0000000002f80000, 0x0000000003450000, 0x0000000011f80000]
 total_blobs=2124 nmethods=1561 adapters=475
 compilation: enabled

Compilation events (10 events):
Event: 8.425 Thread 0x000000001987e800 nmethod 1557 0x0000000003442b10 code [0x0000000003442ca0, 0x0000000003443208]
Event: 8.440 Thread 0x000000001987e800 1558       3       java.awt.EventQueue::setCurrentEventAndMostRecentTime (8 bytes)
Event: 8.440 Thread 0x000000001987e800 nmethod 1558 0x0000000003443450 code [0x0000000003443620, 0x0000000003443c58]
Event: 8.480 Thread 0x000000001987e800 1559       3       javax.swing.Timer::timerQueue (4 bytes)
Event: 8.480 Thread 0x000000001987e800 nmethod 1559 0x0000000003443f90 code [0x0000000003444100, 0x0000000003444288]
Event: 8.480 Thread 0x000000001987e800 1560   !   3       javax.swing.TimerQueue::sharedInstance (44 bytes)
Event: 8.480 Thread 0x000000001987e800 nmethod 1560 0x0000000003444310 code [0x0000000003444540, 0x0000000003445158]
Event: 8.488 Thread 0x000000001987e800 1561       3       java.awt.event.ComponentEvent::getComponent (22 bytes)
Event: 8.488 Thread 0x000000001987e800 nmethod 1561 0x0000000003445a10 code [0x0000000003445b80, 0x0000000003445f10]
Event: 8.495 Thread 0x000000001987e800 1562   !   3       java.awt.DefaultKeyboardFocusManager::dispatchEvent (1589 bytes)

GC Heap History (0 events):
No events

Deoptimization events (10 events):
Event: 0.301 Thread 0x000000001b609800 Uncommon trap: reason=unstable_if action=reinterpret pc=0x0000000003167778 method=java.lang.String.<init>([CII)V @ 18
Event: 0.308 Thread 0x0000000019b9e000 Uncommon trap: reason=unstable_if action=reinterpret pc=0x000000000316e80c method=java.util.HashMap.putVal(ILjava/lang/Object;Ljava/lang/Object;ZZ)Ljava/lang/Object; @ 206
Event: 0.374 Thread 0x000000001b4a6000 Uncommon trap: reason=class_check action=maybe_recompile pc=0x00000000030ee6dc method=java.lang.String.equals(Ljava/lang/Object;)Z @ 8
Event: 0.374 Thread 0x000000001b4a6000 Uncommon trap: reason=class_check action=maybe_recompile pc=0x00000000030ee6dc method=java.lang.String.equals(Ljava/lang/Object;)Z @ 8
Event: 0.374 Thread 0x000000001b4a6000 Uncommon trap: reason=class_check action=maybe_recompile pc=0x00000000030ee6dc method=java.lang.String.equals(Ljava/lang/Object;)Z @ 8
Event: 0.374 Thread 0x000000001b4a6000 Uncommon trap: reason=class_check action=maybe_recompile pc=0x00000000030ee6dc method=java.lang.String.equals(Ljava/lang/Object;)Z @ 8
Event: 0.423 Thread 0x000000001b4a6000 Uncommon trap: reason=unstable_if action=reinterpret pc=0x00000000031a44fc method=java.lang.String.toLowerCase(Ljava/util/Locale;)Ljava/lang/String; @ 37
Event: 7.421 Thread 0x000000001b4a6000 Uncommon trap: reason=unstable_if action=reinterpret pc=0x0000000003169b40 method=java.lang.String.indexOf([CII[CIII)I @ 3
Event: 7.505 Thread 0x000000001b4a6000 Uncommon trap: reason=unstable_if action=reinterpret pc=0x00000000032bcca4 method=java.awt.MultipleGradientPaintContext.indexIntoGradientsArrays(F)I @ 93
Event: 8.340 Thread 0x000000001b4a6000 Uncommon trap: reason=unstable_if action=reinterpret pc=0x00000000033e6858 method=java.awt.MultipleGradientPaintContext.indexIntoGradientsArrays(F)I @ 24

Internal exceptions (10 events):
Event: 0.212 Thread 0x0000000002d90800 Exception <a 'java/lang/ClassNotFoundException': ToolBar> (0x00000000d62554b8) thrown at [C:\re\workspace\8-2-build-windows-amd64-cygwin\jdk8u131\8869\hotspot\src\share\vm\classfile\systemDictionary.cpp, line 210]
Event: 0.212 Thread 0x0000000002d90800 Exception <a 'java/lang/ClassNotFoundException': ToggleButton> (0x00000000d6255a68) thrown at [C:\re\workspace\8-2-build-windows-amd64-cygwin\jdk8u131\8869\hotspot\src\share\vm\classfile\systemDictionary.cpp, line 210]
Event: 0.212 Thread 0x0000000002d90800 Exception <a 'java/lang/ClassNotFoundException': javax/swing/JToolBarSeparator> (0x00000000d6255ec8) thrown at [C:\re\workspace\8-2-build-windows-amd64-cygwin\jdk8u131\8869\hotspot\src\share\vm\classfile\systemDictionary.cpp, line 210]
Event: 0.212 Thread 0x0000000002d90800 Exception <a 'java/lang/ClassNotFoundException': ToolBarSeparator> (0x00000000d6256360) thrown at [C:\re\workspace\8-2-build-windows-amd64-cygwin\jdk8u131\8869\hotspot\src\share\vm\classfile\systemDictionary.cpp, line 210]
Event: 0.212 Thread 0x0000000002d90800 Exception <a 'java/lang/ClassNotFoundException': ToolTip> (0x00000000d6256aa0) thrown at [C:\re\workspace\8-2-build-windows-amd64-cygwin\jdk8u131\8869\hotspot\src\share\vm\classfile\systemDictionary.cpp, line 210]
Event: 0.213 Thread 0x0000000002d90800 Exception <a 'java/lang/ClassNotFoundException': Tree> (0x00000000d62576c0) thrown at [C:\re\workspace\8-2-build-windows-amd64-cygwin\jdk8u131\8869\hotspot\src\share\vm\classfile\systemDictionary.cpp, line 210]
Event: 0.213 Thread 0x0000000002d90800 Exception <a 'java/lang/ClassNotFoundException': Tree> (0x00000000d6257e00) thrown at [C:\re\workspace\8-2-build-windows-amd64-cygwin\jdk8u131\8869\hotspot\src\share\vm\classfile\systemDictionary.cpp, line 210]
Event: 0.213 Thread 0x0000000002d90800 Exception <a 'java/lang/ClassNotFoundException': javax/swing/JTreeCell> (0x00000000d6258180) thrown at [C:\re\workspace\8-2-build-windows-amd64-cygwin\jdk8u131\8869\hotspot\src\share\vm\classfile\systemDictionary.cpp, line 210]
Event: 0.214 Thread 0x0000000002d90800 Exception <a 'java/lang/ClassNotFoundException': TreeCell> (0x00000000d6258608) thrown at [C:\re\workspace\8-2-build-windows-amd64-cygwin\jdk8u131\8869\hotspot\src\share\vm\classfile\systemDictionary.cpp, line 210]
Event: 0.214 Thread 0x0000000002d90800 Exception <a 'java/lang/ClassNotFoundException': RootPane> (0x00000000d6259068) thrown at [C:\re\workspace\8-2-build-windows-amd64-cygwin\jdk8u131\8869\hotspot\src\share\vm\classfile\systemDictionary.cpp, line 210]

Events (10 events):
Event: 7.497 loading class com/mysql/jdbc/ServerPreparedStatement$BindValue
Event: 7.497 loading class com/mysql/jdbc/ServerPreparedStatement$BindValue done
Event: 7.499 loading class com/mysql/jdbc/ResultSetMetaData
Event: 7.499 loading class com/mysql/jdbc/ResultSetMetaData done
Event: 7.505 Thread 0x000000001b4a6000 Uncommon trap: trap_request=0xffffff65 fr.pc=0x00000000032bcca4
Event: 7.505 Thread 0x000000001b4a6000 DEOPT PACKING pc=0x00000000032bcca4 sp=0x000000001c8bb960
Event: 7.505 Thread 0x000000001b4a6000 DEOPT UNPACKING pc=0x0000000002fc582a sp=0x000000001c8bb8e0 mode 2
Event: 8.340 Thread 0x000000001b4a6000 Uncommon trap: trap_request=0xffffff65 fr.pc=0x00000000033e6858
Event: 8.340 Thread 0x000000001b4a6000 DEOPT PACKING pc=0x00000000033e6858 sp=0x000000001c8bbe20
Event: 8.340 Thread 0x000000001b4a6000 DEOPT UNPACKING pc=0x0000000002fc582a sp=0x000000001c8bbdb0 mode 2


Dynamic libraries:
0x00007ff77bc90000 - 0x00007ff77bcc7000 	C:\Program Files\Java\jdk1.8.0_131\bin\java.exe
0x00007ffaaca00000 - 0x00007ffaacbe1000 	C:\WINDOWS\SYSTEM32\ntdll.dll
0x00007ffaaa0a0000 - 0x00007ffaaa151000 	C:\WINDOWS\System32\KERNEL32.DLL
0x00007ffaa9230000 - 0x00007ffaa94a3000 	C:\WINDOWS\System32\KERNELBASE.dll
0x00007ffaabfa0000 - 0x00007ffaac041000 	C:\WINDOWS\System32\ADVAPI32.dll
0x00007ffaabb60000 - 0x00007ffaabbfe000 	C:\WINDOWS\System32\msvcrt.dll
0x00007ffaaa400000 - 0x00007ffaaa45b000 	C:\WINDOWS\System32\sechost.dll
0x00007ffaac830000 - 0x00007ffaac954000 	C:\WINDOWS\System32\RPCRT4.dll
0x00007ffaaa180000 - 0x00007ffaaa310000 	C:\WINDOWS\System32\USER32.dll
0x00007ffaa8fc0000 - 0x00007ffaa8fe0000 	C:\WINDOWS\System32\win32u.dll
0x00007ffaab8a0000 - 0x00007ffaab8c8000 	C:\WINDOWS\System32\GDI32.dll
0x00007ffaa8fe0000 - 0x00007ffaa9172000 	C:\WINDOWS\System32\gdi32full.dll
0x00007ffaa9df0000 - 0x00007ffaa9e8f000 	C:\WINDOWS\System32\msvcp_win.dll
0x00007ffaa9cf0000 - 0x00007ffaa9de8000 	C:\WINDOWS\System32\ucrtbase.dll
0x00007ffa94d30000 - 0x00007ffa94f99000 	C:\WINDOWS\WinSxS\amd64_microsoft.windows.common-controls_6595b64144ccf1df_6.0.17134.706_none_fb43a2cb30647007\COMCTL32.dll
0x00007ffaac050000 - 0x00007ffaac372000 	C:\WINDOWS\System32\combase.dll
0x00007ffaa9c70000 - 0x00007ffaa9cea000 	C:\WINDOWS\System32\bcryptPrimitives.dll
0x00007ffaabcd0000 - 0x00007ffaabcfd000 	C:\WINDOWS\System32\IMM32.DLL
0x0000000072950000 - 0x0000000072a22000 	C:\Program Files\Java\jdk1.8.0_131\jre\bin\msvcr100.dll
0x0000000072a30000 - 0x00000000732cc000 	C:\Program Files\Java\jdk1.8.0_131\jre\bin\server\jvm.dll
0x00007ffaa9e90000 - 0x00007ffaa9e98000 	C:\WINDOWS\System32\PSAPI.DLL
0x00007ffa97610000 - 0x00007ffa97619000 	C:\WINDOWS\SYSTEM32\WSOCK32.dll
0x00007ffaa4e10000 - 0x00007ffaa4e1a000 	C:\WINDOWS\SYSTEM32\VERSION.dll
0x00007ffaa6e60000 - 0x00007ffaa6e83000 	C:\WINDOWS\SYSTEM32\WINMM.dll
0x00007ffaabdb0000 - 0x00007ffaabe1c000 	C:\WINDOWS\System32\WS2_32.dll
0x00007ffaa6d50000 - 0x00007ffaa6d7a000 	C:\WINDOWS\SYSTEM32\WINMMBASE.dll
0x00007ffaa9c20000 - 0x00007ffaa9c69000 	C:\WINDOWS\System32\cfgmgr32.dll
0x0000000072900000 - 0x000000007290f000 	C:\Program Files\Java\jdk1.8.0_131\jre\bin\verify.dll
0x00000000728d0000 - 0x00000000728f9000 	C:\Program Files\Java\jdk1.8.0_131\jre\bin\java.dll
0x00000000728b0000 - 0x00000000728c6000 	C:\Program Files\Java\jdk1.8.0_131\jre\bin\zip.dll
0x00007ffaaa460000 - 0x00007ffaab8a0000 	C:\WINDOWS\System32\SHELL32.dll
0x00007ffaab8d0000 - 0x00007ffaab979000 	C:\WINDOWS\System32\shcore.dll
0x00007ffaa9510000 - 0x00007ffaa9c1d000 	C:\WINDOWS\System32\windows.storage.dll
0x00007ffaac970000 - 0x00007ffaac9c1000 	C:\WINDOWS\System32\shlwapi.dll
0x00007ffaa8d10000 - 0x00007ffaa8d21000 	C:\WINDOWS\System32\kernel.appcore.dll
0x00007ffaa8d30000 - 0x00007ffaa8d4f000 	C:\WINDOWS\System32\profapi.dll
0x00007ffaa8d60000 - 0x00007ffaa8dac000 	C:\WINDOWS\System32\powrprof.dll
0x00007ffaa8d50000 - 0x00007ffaa8d5a000 	C:\WINDOWS\System32\FLTLIB.DLL
0x00000000726d0000 - 0x0000000072868000 	C:\Program Files\Java\jdk1.8.0_131\jre\bin\awt.dll
0x00007ffaabc00000 - 0x00007ffaabcc2000 	C:\WINDOWS\System32\OLEAUT32.dll
0x00007ffaa70a0000 - 0x00007ffaa712b000 	C:\WINDOWS\SYSTEM32\apphelp.dll
0x00007ffaa7230000 - 0x00007ffaa72c8000 	C:\WINDOWS\system32\uxtheme.dll
0x00007ffaabe20000 - 0x00007ffaabf93000 	C:\WINDOWS\System32\MSCTF.dll
0x00007ffaa7480000 - 0x00007ffaa74a9000 	C:\WINDOWS\system32\dwmapi.dll
0x00007ffaab980000 - 0x00007ffaabad1000 	C:\WINDOWS\System32\ole32.dll
0x0000000072680000 - 0x00000000726c7000 	C:\Program Files\Java\jdk1.8.0_131\jre\bin\fontmanager.dll
0x00007ffa90950000 - 0x00007ffa90a70000 	C:\WINDOWS\system32\opengl32.dll
0x00007ffa9c0f0000 - 0x00007ffa9c11c000 	C:\WINDOWS\SYSTEM32\GLU32.dll
0x00000000725b0000 - 0x00000000725e1000 	C:\Program Files\Java\jdk1.8.0_131\jre\bin\jpeg.dll
0x00007ffaabd10000 - 0x00007ffaabdb0000 	C:\WINDOWS\System32\clbcatq.dll
0x00007ffaa54e0000 - 0x00007ffaa568e000 	C:\WINDOWS\SYSTEM32\WindowsCodecs.dll
0x00007ffa964d0000 - 0x00007ffa96528000 	C:\WINDOWS\system32\dataexchange.dll
0x00007ffaa5f90000 - 0x00007ffaa629b000 	C:\WINDOWS\system32\d3d11.dll
0x00007ffaa6870000 - 0x00007ffaa6a0c000 	C:\WINDOWS\system32\dcomp.dll
0x00007ffaa7ad0000 - 0x00007ffaa7b8b000 	C:\WINDOWS\system32\dxgi.dll
0x00007ffaa75c0000 - 0x00007ffaa7778000 	C:\WINDOWS\system32\twinapi.appcore.dll
0x00007ffaa7560000 - 0x00007ffaa7589000 	C:\WINDOWS\system32\RMCLIENT.dll
0x0000000072890000 - 0x00000000728aa000 	C:\Program Files\Java\jdk1.8.0_131\jre\bin\net.dll
0x00007ffaa8590000 - 0x00007ffaa85f6000 	C:\WINDOWS\system32\mswsock.dll
0x0000000072870000 - 0x0000000072881000 	C:\Program Files\Java\jdk1.8.0_131\jre\bin\nio.dll
0x0000000072630000 - 0x0000000072672000 	C:\Program Files\Java\jdk1.8.0_131\jre\bin\t2k.dll
0x00007ffa9f470000 - 0x00007ffa9f506000 	C:\WINDOWS\System32\TextInputFramework.dll
0x00007ffaa4f90000 - 0x00007ffaa52ae000 	C:\WINDOWS\System32\CoreUIComponents.dll
0x00007ffaa6d80000 - 0x00007ffaa6e5a000 	C:\WINDOWS\System32\CoreMessaging.dll
0x00007ffaa7e00000 - 0x00007ffaa7e31000 	C:\WINDOWS\SYSTEM32\ntmarta.dll
0x00007ffaa4e40000 - 0x00007ffaa4f8d000 	C:\WINDOWS\SYSTEM32\wintypes.dll
0x00000000725f0000 - 0x000000007261a000 	C:\Program Files\Java\jdk1.8.0_131\jre\bin\dcpr.dll
0x00007ffa7f210000 - 0x00007ffa7f301000 	C:\WINDOWS\system32\msctfuimanager.dll
0x00007ffa77340000 - 0x00007ffa774eb000 	C:\WINDOWS\system32\DUI70.dll
0x00007ffa8ffe0000 - 0x00007ffa90073000 	C:\WINDOWS\system32\DUser.dll
0x00007ffa8c6c0000 - 0x00007ffa8c8c0000 	C:\WINDOWS\SYSTEM32\UIAutomationCore.dll
0x00007ffaa8b70000 - 0x00007ffaa8c0a000 	C:\WINDOWS\SYSTEM32\sxs.dll
0x00007ffaa4b00000 - 0x00007ffaa4b49000 	C:\WINDOWS\System32\UIAnimation.dll
0x00007ffa99010000 - 0x00007ffa9907b000 	C:\Windows\System32\oleacc.dll
0x00007ffa92480000 - 0x00007ffa9279c000 	C:\WINDOWS\system32\dwrite.dll
0x00007ffa82150000 - 0x00007ffa828ce000 	C:\WINDOWS\SYSTEM32\D3D10Warp.dll
0x00007ffa9f210000 - 0x00007ffa9f2aa000 	C:\WINDOWS\system32\directmanipulation.dll
0x00007ffaa2c90000 - 0x00007ffaa2cc9000 	C:\WINDOWS\system32\xmllite.dll
0x00007ffaa8350000 - 0x00007ffaa840e000 	C:\WINDOWS\SYSTEM32\DNSAPI.dll
0x00007ffaabd00000 - 0x00007ffaabd08000 	C:\WINDOWS\System32\NSI.dll
0x00007ffaa8310000 - 0x00007ffaa8348000 	C:\WINDOWS\SYSTEM32\IPHLPAPI.DLL
0x00007ffa9e5a0000 - 0x00007ffa9e5aa000 	C:\Windows\System32\rasadhlp.dll
0x00007ffa9fb00000 - 0x00007ffa9fb72000 	C:\WINDOWS\System32\fwpuclnt.dll
0x00007ffaa8870000 - 0x00007ffaa8895000 	C:\WINDOWS\SYSTEM32\bcrypt.dll

VM Arguments:
jvm_args: -Dfile.encoding=UTF-8 
java_command: inquire.FightManagerment
java_class_path (initial): C:\Users\HAIER\Desktop\mysql-connector;C:\Users\HAIER\Documents\NetBeansProjects\inquire\build\classes
Launcher Type: SUN_STANDARD

Environment Variables:
PATH=C:\Program Files (x86)\Common Files\Oracle\Java\javapath;C:\ProgramData\Oracle\Java\javapath;C:\Windows\system32;C:\Windows;C:\Windows\System32\Wbem;C:\Windows\System32\WindowsPowerShell\v1.0\;C:\Program Files (x86)\NVIDIA Corporation\PhysX\Common;C:\Program Files\Intel\WiFi\bin\;C:\Program Files\Common Files\Intel\WirelessCommon\;C:\WINDOWS\system32;C:\WINDOWS;C:\WINDOWS\System32\Wbem;C:\WINDOWS\System32\WindowsPowerShell\v1.0\;C:\WINDOWS\System32\OpenSSH\;C:\Program Files (x86)\MySQL\MySQL Server 5.5\bin;C:\Users\HAIER\AppData\Local\Microsoft\WindowsApps;C:\Program Files\Intel\WiFi\bin\;C:\Program Files\Common Files\Intel\WirelessCommon\;
USERNAME=HAIER
OS=Windows_NT
PROCESSOR_IDENTIFIER=Intel64 Family 6 Model 158 Stepping 10, GenuineIntel



---------------  S Y S T E M  ---------------

OS: Windows 10.0 , 64 bit Build 17134 (10.0.17134.706)

CPU:total 12 (initial active 12) (6 cores per cpu, 2 threads per core) family 6 model 158 stepping 10, cmov, cx8, fxsr, mmx, sse, sse2, sse3, ssse3, sse4.1, sse4.2, popcnt, avx, avx2, aes, clmul, erms, 3dnowpref, lzcnt, ht, tsc, tscinvbit, bmi1, bmi2, adx

Memory: 4k page, physical 8277356k(1478056k free), swap 21440032k(852k free)

vm_info: Java HotSpot(TM) 64-Bit Server VM (25.131-b11) for windows-amd64 JRE (1.8.0_131-b11), built on Mar 15 2017 01:23:53 by "java_re" with MS VC++ 10.0 (VS2010)

time: Tue May 14 22:58:40 2019
elapsed time: 8 seconds (0d 0h 0m 8s)

