#
# There is insufficient memory for the Java Runtime Environment to continue.
# Native memory allocation (malloc) failed to allocate 1048576 bytes for AllocateHeap
# Possible reasons:
#   The system is out of physical RAM or swap space
#   In 32 bit mode, the process size limit was hit
# Possible solutions:
#   Reduce memory load on the system
#   Increase physical memory or swap space
#   Check if swap backing store is full
#   Use 64 bit Java on a 64 bit OS
#   Decrease Java heap size (-Xmx/-Xms)
#   Decrease number of Java threads
#   Decrease Java thread stack sizes (-Xss)
#   Set larger code cache with -XX:ReservedCodeCacheSize=
# This output file may be truncated or incomplete.
#
#  Out of Memory Error (memory/allocation.inline.hpp:61), pid=2672, tid=0x0000000000002a74
#
# JRE version:  (8.0_131-b11) (build )
# Java VM: Java HotSpot(TM) 64-Bit Server VM (25.131-b11 mixed mode windows-amd64 compressed oops)
# Failed to write core dump. Minidumps are not enabled by default on client versions of Windows
#

---------------  T H R E A D  ---------------

Current thread (0x0000000003060800):  JavaThread "Unknown thread" [_thread_in_vm, id=10868, stack(0x0000000002be0000,0x0000000002ce0000)]

Stack: [0x0000000002be0000,0x0000000002ce0000]
[error occurred during error reporting (printing stack bounds), id 0xc0000005]

Native frames: (J=compiled Java code, j=interpreted, Vv=VM code, C=native code)


---------------  P R O C E S S  ---------------

Java Threads: ( => current thread )

Other Threads:

=>0x0000000003060800 (exited) JavaThread "Unknown thread" [_thread_in_vm, id=10868, stack(0x0000000002be0000,0x0000000002ce0000)]

VM state:not at safepoint (normal execution)

VM Mutex/Monitor currently owned by a thread: None

Heap:
 PSYoungGen      total 38400K, used 665K [0x00000000d5e00000, 0x00000000d8880000, 0x0000000100000000)
  eden space 33280K, 2% used [0x00000000d5e00000,0x00000000d5ea6670,0x00000000d7e80000)
  from space 5120K, 0% used [0x00000000d8380000,0x00000000d8380000,0x00000000d8880000)
  to   space 5120K, 0% used [0x00000000d7e80000,0x00000000d7e80000,0x00000000d8380000)
 ParOldGen       total 87552K, used 0K [0x0000000081a00000, 0x0000000086f80000, 0x00000000d5e00000)
  object space 87552K, 0% used [0x0000000081a00000,0x0000000081a00000,0x0000000086f80000)
 Metaspace       used 770K, capacity 4480K, committed 4480K, reserved 1056768K
  class space    used 75K, capacity 384K, committed 384K, reserved 1048576K

Card table byte_map: [0x0000000012520000,0x0000000012920000] byte_map_base: 0x0000000012113000

Marking Bits: (ParMarkBitMap*) 0x000000007322c720
 Begin Bits: [0x00000000135d0000, 0x0000000015568000)
 End Bits:   [0x0000000015568000, 0x0000000017500000)

Polling page: 0x00000000009c0000

CodeCache: size=245760Kb used=328Kb max_used=328Kb free=245431Kb
 bounds [0x0000000003160000, 0x00000000033d0000, 0x0000000012160000]
 total_blobs=58 nmethods=0 adapters=38
 compilation: enabled

Compilation events (0 events):
No events

GC Heap History (0 events):
No events

Deoptimization events (0 events):
No events

Internal exceptions (0 events):
No events

Events (10 events):
Event: 0.039 loading class java/lang/Short
Event: 0.039 loading class java/lang/Short done
Event: 0.039 loading class java/lang/Integer
Event: 0.039 loading class java/lang/Integer done
Event: 0.039 loading class java/lang/Long
Event: 0.040 loading class java/lang/Long done
Event: 0.042 loading class java/lang/NullPointerException
Event: 0.042 loading class java/lang/NullPointerException done
Event: 0.042 loading class java/lang/ArithmeticException
Event: 0.042 loading class java/lang/ArithmeticException done


Dynamic libraries:
0x00007ff747cf0000 - 0x00007ff747d27000 	C:\Program Files\Java\jdk1.8.0_131\bin\java.exe
0x00007ffaaca00000 - 0x00007ffaacbe1000 	C:\WINDOWS\SYSTEM32\ntdll.dll
0x00007ffaaa0a0000 - 0x00007ffaaa151000 	C:\WINDOWS\System32\KERNEL32.DLL
0x00007ffaa9230000 - 0x00007ffaa94a3000 	C:\WINDOWS\System32\KERNELBASE.dll
0x00007ffaabfa0000 - 0x00007ffaac041000 	C:\WINDOWS\System32\ADVAPI32.dll
0x00007ffaabb60000 - 0x00007ffaabbfe000 	C:\WINDOWS\System32\msvcrt.dll
0x00007ffaaa400000 - 0x00007ffaaa45b000 	C:\WINDOWS\System32\sechost.dll
0x00007ffaac830000 - 0x00007ffaac954000 	C:\WINDOWS\System32\RPCRT4.dll
0x00007ffaaa180000 - 0x00007ffaaa310000 	C:\WINDOWS\System32\USER32.dll
0x00007ffaa8fc0000 - 0x00007ffaa8fe0000 	C:\WINDOWS\System32\win32u.dll
0x00007ffaab8a0000 - 0x00007ffaab8c8000 	C:\WINDOWS\System32\GDI32.dll
0x00007ffaa8fe0000 - 0x00007ffaa9172000 	C:\WINDOWS\System32\gdi32full.dll
0x00007ffaa9df0000 - 0x00007ffaa9e8f000 	C:\WINDOWS\System32\msvcp_win.dll
0x00007ffaa9cf0000 - 0x00007ffaa9de8000 	C:\WINDOWS\System32\ucrtbase.dll
0x00007ffa94d30000 - 0x00007ffa94f99000 	C:\WINDOWS\WinSxS\amd64_microsoft.windows.common-controls_6595b64144ccf1df_6.0.17134.706_none_fb43a2cb30647007\COMCTL32.dll
0x00007ffaac050000 - 0x00007ffaac372000 	C:\WINDOWS\System32\combase.dll
0x00007ffaa9c70000 - 0x00007ffaa9cea000 	C:\WINDOWS\System32\bcryptPrimitives.dll
0x00007ffaabcd0000 - 0x00007ffaabcfd000 	C:\WINDOWS\System32\IMM32.DLL
0x0000000072930000 - 0x0000000072a02000 	C:\Program Files\Java\jdk1.8.0_131\jre\bin\msvcr100.dll
0x0000000072a10000 - 0x00000000732ac000 	C:\Program Files\Java\jdk1.8.0_131\jre\bin\server\jvm.dll
0x00007ffaa9e90000 - 0x00007ffaa9e98000 	C:\WINDOWS\System32\PSAPI.DLL
0x00007ffa97610000 - 0x00007ffa97619000 	C:\WINDOWS\SYSTEM32\WSOCK32.dll
0x00007ffaabdb0000 - 0x00007ffaabe1c000 	C:\WINDOWS\System32\WS2_32.dll
0x00007ffaa6e60000 - 0x00007ffaa6e83000 	C:\WINDOWS\SYSTEM32\WINMM.dll
0x00007ffaa4e10000 - 0x00007ffaa4e1a000 	C:\WINDOWS\SYSTEM32\VERSION.dll
0x00007ffaa6d50000 - 0x00007ffaa6d7a000 	C:\WINDOWS\SYSTEM32\winmmbase.dll
0x00007ffaa9c20000 - 0x00007ffaa9c69000 	C:\WINDOWS\System32\cfgmgr32.dll
0x00000000728e0000 - 0x00000000728ef000 	C:\Program Files\Java\jdk1.8.0_131\jre\bin\verify.dll
0x00000000728b0000 - 0x00000000728d9000 	C:\Program Files\Java\jdk1.8.0_131\jre\bin\java.dll
0x0000000072890000 - 0x00000000728a6000 	C:\Program Files\Java\jdk1.8.0_131\jre\bin\zip.dll

VM Arguments:
jvm_args: -Dfile.encoding=UTF-8 
java_command: inquire.Booking
java_class_path (initial): C:\Users\HAIER\Desktop\mysql-connector;C:\Users\HAIER\Documents\NetBeansProjects\inquire\build\classes
Launcher Type: SUN_STANDARD

Environment Variables:
PATH=C:\Program Files (x86)\Common Files\Oracle\Java\javapath;C:\ProgramData\Oracle\Java\javapath;C:\Windows\system32;C:\Windows;C:\Windows\System32\Wbem;C:\Windows\System32\WindowsPowerShell\v1.0\;C:\Program Files (x86)\NVIDIA Corporation\PhysX\Common;C:\Program Files\Intel\WiFi\bin\;C:\Program Files\Common Files\Intel\WirelessCommon\;C:\WINDOWS\system32;C:\WINDOWS;C:\WINDOWS\System32\Wbem;C:\WINDOWS\System32\WindowsPowerShell\v1.0\;C:\WINDOWS\System32\OpenSSH\;C:\Program Files (x86)\MySQL\MySQL Server 5.5\bin;C:\Users\HAIER\AppData\Local\Microsoft\WindowsApps;C:\Program Files\Intel\WiFi\bin\;C:\Program Files\Common Files\Intel\WirelessCommon\;
USERNAME=HAIER
OS=Windows_NT
PROCESSOR_IDENTIFIER=Intel64 Family 6 Model 158 Stepping 10, GenuineIntel



---------------  S Y S T E M  ---------------

OS: Windows 10.0 , 64 bit Build 17134 (10.0.17134.706)

CPU:total 12 (initial active 12) (6 cores per cpu, 2 threads per core) family 6 model 158 stepping 10, cmov, cx8, fxsr, mmx, sse, sse2, sse3, ssse3, sse4.1, sse4.2, popcnt, avx, avx2, aes, clmul, erms, 3dnowpref, lzcnt, ht, tsc, tscinvbit, bmi1, bmi2, adx

Memory: 4k page, physical 8277356k(1717432k free), swap 21440032k(5424k free)

vm_info: Java HotSpot(TM) 64-Bit Server VM (25.131-b11) for windows-amd64 JRE (1.8.0_131-b11), built on Mar 15 2017 01:23:53 by "java_re" with MS VC++ 10.0 (VS2010)

time: Mon May 13 20:33:29 2019
elapsed time: 0 seconds (0d 0h 0m 0s)

